********** Launching browser ***********
********** Opening URL ***********
********** Providing login details ***********
********** Started login ***********
********** Closing browser ***********
********** Launching browser ***********
********** Opening URL ***********
********** Providing login details ***********
********** Started login ***********
********** Closing browser ***********
********** Launching browser ***********
********** Opening URL ***********
********** Providing login details ***********
********** Started login ***********
********** Closing browser ***********
********** Launching browser ***********
********** Opening URL ***********
********** Providing login details ***********
********** Started login ***********
********** Login failed ***********
********** Click on logout link ***********
********** Login failed ***********
********** Closing browser ***********
********** Launching browser ***********
********** Opening URL ***********
********** Providing login details ***********
********** Started login ***********
********** Login failed ***********
********** Click on logout link ***********
********** Login failed ***********
********** Closing browser ***********
********** Launching browser ***********
********** Opening URL ***********
********** Providing login details ***********
********** Started login ***********
********** Login passed ***********
********** Started login ***********
********** Closing browser ***********
********** Started login ***********
********** Closing browser ***********
********** Started login ***********
********** Closing browser ***********
********** Started login ***********
********** Closing browser ***********
********** Started login ***********
********** Closing browser ***********
********** Started login ***********
********** Closing browser ***********
********** Started login ***********
********** Closing browser ***********
********** Started login ***********
********** Closing browser ***********
********** Started login ***********
********** Closing browser ***********
